<?xml version="1.0" encoding="UTF-8"?>
<!-- Generated by org.testng.reporters.JUnitXMLReporter -->
<testsuite hostname="GSRIRAM-MBP" name="Default test" tests="5" failures="0" timestamp="22 Jun 2018 15:16:33 GMT" time="40.776" errors="0">
  <testcase name="playWithPagesTest" time="6.689" classname="com.auto.framework.pom.pom_framework.testing.PlayWithPagesTest"/>
  <testcase name="playWithPagesTest2" time="6.721" classname="com.auto.framework.pom.pom_framework.testing.PlayWithPagesTest"/>
  <testcase name="playWithPagesTest3" time="8.632" classname="com.auto.framework.pom.pom_framework.testing.PlayWithPagesTest"/>
  <testcase name="playWithPagesTest4" time="6.134" classname="com.auto.framework.pom.pom_framework.testing.PlayWithPagesTest"/>
  <testcase name="playWithPagesTest5" time="7.452" classname="com.auto.framework.pom.pom_framework.testing.PlayWithPagesTest"/>
</testsuite> <!-- Default test -->
